<?xml version="1.0" encoding="UTF-8"?>
<testsuite name="MaxDiffKataTest" tests="1" skipped="0" failures="0" errors="0" timestamp="2022-04-20T16:04:16" hostname="DESKTOP-44RH361" time="0.02">
  <properties/>
  <testcase name="checkForMinMaxDiffMethod()" classname="MaxDiffKataTest" time="0.02"/>
  <system-out><![CDATA[]]></system-out>
  <system-err><![CDATA[]]></system-err>
</testsuite>
